0 info it worked if it ends with ok
1 verbose cli [ 'node', '/Users/weslleyaraujo/local/bin/npm', 'publish' ]
2 info using npm@2.5.0
3 info using node@v0.10.35
4 verbose publish [ '.' ]
5 silly cache add args [ '.', null ]
6 verbose cache add spec .
7 silly cache add parsed spec { raw: '.',
7 silly cache add   scope: null,
7 silly cache add   name: null,
7 silly cache add   rawSpec: '.',
7 silly cache add   spec: '/Users/weslleyaraujo/workspace/gulp-multiple-loader',
7 silly cache add   type: 'directory' }
8 verbose addLocalDirectory /Users/weslleyaraujo/.npm/gulp-multiple-loader/0.1.3/package.tgz not in flight; packing
9 verbose tar pack [ '/Users/weslleyaraujo/.npm/gulp-multiple-loader/0.1.3/package.tgz',
9 verbose tar pack   '/Users/weslleyaraujo/workspace/gulp-multiple-loader' ]
10 verbose tarball /Users/weslleyaraujo/.npm/gulp-multiple-loader/0.1.3/package.tgz
11 verbose folder /Users/weslleyaraujo/workspace/gulp-multiple-loader
12 info prepublish gulp-multiple-loader@0.1.3
13 verbose addLocalTarball adding from inside cache /Users/weslleyaraujo/.npm/gulp-multiple-loader/0.1.3/package.tgz
14 silly cache afterAdd gulp-multiple-loader@0.1.3
15 verbose afterAdd /Users/weslleyaraujo/.npm/gulp-multiple-loader/0.1.3/package/package.json not in flight; writing
16 verbose afterAdd /Users/weslleyaraujo/.npm/gulp-multiple-loader/0.1.3/package/package.json written
17 silly publish { name: 'gulp-multiple-loader',
17 silly publish   version: '0.1.3',
17 silly publish   description: 'Load single files for each gulp task with shared parameters.',
17 silly publish   main: 'index.js',
17 silly publish   scripts:
17 silly publish    { test: 'mocha test',
17 silly publish      'semantic-release': 'semantic-release pre && npm publish && semantic-release post' },
17 silly publish   author: { name: 'Weslley Araujo', email: 'weslleyaraujo20@gmail.com' },
17 silly publish   license: 'MIT',
17 silly publish   devDependencies:
17 silly publish    { eslint: '^1.1.0',
17 silly publish      gulp: '^3.9.0',
17 silly publish      lodash: '^3.10.1',
17 silly publish      mocha: '^2.2.5' },
17 silly publish   repository:
17 silly publish    { type: 'git',
17 silly publish      url: 'https://github.com/weslleyaraujo/gulp-multiple-loader.git' },
17 silly publish   readme: '# gulp-multiple-loader ![](https://travis-ci.org/weslleyaraujo/gulp-multiple-loader.svg?branch=master)\n\nLoad single files for each gulp task with shared parameters\n\n## Install\n\n```\n$ npm install gulp-multiple-loader\n```\n\n## Basic usage\n\n```js\nvar gulp = require(\'gulp\');\nvar loader = require(\'gulp-multiple-loader\');\n\nloader.initialize(gulp);\n```\n\nThis will search and load tasks located at `gulp-tasks` directory.\n\n## Options\n\n### dirNam\n\nChange the directory to host your gulp tasks.\n\n```js\nvar gulp = require(\'gulp\');\nvar loader = require(\'gulp-multiple-loader\');\n\nloader.initialize(gulp, {\n  dirName: \'my-gulp-tasks\'\n});\n```\n\n### globals\n\nShare variables between gulp tasks\n\n```js\n// gulpfile.js\nvar gulp = require(\'gulp\');\nvar loader = require(\'gulp-multiple-loader\');\n\nloader.initialize(gulp, {\n  globals: {\n    example: \'foo\'\n  }\n});\n\n// gulp-tasks/default.js\nmodule.exports = function(gulp, globals) {\n  return gulp.task(\'default\', function() {\n    return globals.example; // \'foo\'\n  });\n};\n\n```\n\nThis will make easier if you intend to use something like [gulp-load-plugins](https://github.com/jackfranklin/gulp-load-plugins) or even configuration files.\n\n```js\n// gulpfile.js\nvar gulp = require(\'gulp\');\nvar config = require(\'./my-config-file.json\');\nvar plugins = require(\'gulp-load-plugins\');\nvar loader = require(\'gulp-multiple-loader\');\n\nloader.initialize(gulp, {\n  parmas: {\n    plugins: plugins,\n    config: config\n  }\n});\n\n// gulp-tasks/default.js\nmodule.exports = function(gulp, globals) {\n  return gulp.task(\'default\', function() {\n    return gulp.src(globals.config.src)\n      .pipe(globals.plugins.somePlugin())\n      .paramspipe(gulp.dest(globals.config.dest));\n  });\n};\n\n```\n',
17 silly publish   readmeFilename: 'README.md',
17 silly publish   gitHead: 'ef3c5e4e0c665f811675b36a7e6d4978fa5ff854',
17 silly publish   bugs: { url: 'https://github.com/weslleyaraujo/gulp-multiple-loader/issues' },
17 silly publish   homepage: 'https://github.com/weslleyaraujo/gulp-multiple-loader',
17 silly publish   _id: 'gulp-multiple-loader@0.1.3',
17 silly publish   _shasum: '4ee1b52b925ec44d622395b5e0c02afc9cfc1643',
17 silly publish   _from: '.' }
18 silly mapToRegistry name gulp-multiple-loader
19 silly mapToRegistry using default registry
20 silly mapToRegistry registry https://registry.npmjs.org/
21 silly mapToRegistry uri https://registry.npmjs.org/gulp-multiple-loader
22 verbose publish registryBase https://registry.npmjs.org/
23 silly publish uploading /Users/weslleyaraujo/.npm/gulp-multiple-loader/0.1.3/package.tgz
24 verbose request uri https://registry.npmjs.org/gulp-multiple-loader
25 verbose request sending authorization for write operation
26 info attempt registry request try #1 at 19:36:44
27 verbose request using bearer token for auth
28 verbose request id f0a7407b0a5c6ac0
29 http request PUT https://registry.npmjs.org/gulp-multiple-loader
30 http 403 https://registry.npmjs.org/gulp-multiple-loader
31 verbose headers { 'content-type': 'application/json',
31 verbose headers   'cache-control': 'max-age=60',
31 verbose headers   'content-length': '95',
31 verbose headers   'accept-ranges': 'bytes',
31 verbose headers   date: 'Sun, 23 Aug 2015 22:36:46 GMT',
31 verbose headers   via: '1.1 varnish',
31 verbose headers   connection: 'keep-alive',
31 verbose headers   'x-served-by': 'cache-jfk1033-JFK',
31 verbose headers   'x-cache': 'MISS',
31 verbose headers   'x-cache-hits': '0',
31 verbose headers   'x-timer': 'S1440369405.485804,VS0,VE799' }
32 verbose request invalidating /Users/weslleyaraujo/.npm/registry.npmjs.org/gulp-multiple-loader on PUT
33 error publish Failed PUT 403
34 verbose stack Error: "You cannot publish over the previously published version 0.1.3." : gulp-multiple-loader
34 verbose stack     at CachingRegistryClient.<anonymous> (/Users/weslleyaraujo/local/lib/node_modules/npm/node_modules/npm-registry-client/lib/request.js:254:14)
34 verbose stack     at Request._callback (/Users/weslleyaraujo/local/lib/node_modules/npm/node_modules/npm-registry-client/lib/request.js:178:14)
34 verbose stack     at Request.self.callback (/Users/weslleyaraujo/local/lib/node_modules/npm/node_modules/request/request.js:373:22)
34 verbose stack     at Request.emit (events.js:98:17)
34 verbose stack     at Request.<anonymous> (/Users/weslleyaraujo/local/lib/node_modules/npm/node_modules/request/request.js:1318:14)
34 verbose stack     at Request.emit (events.js:117:20)
34 verbose stack     at IncomingMessage.<anonymous> (/Users/weslleyaraujo/local/lib/node_modules/npm/node_modules/request/request.js:1266:12)
34 verbose stack     at IncomingMessage.emit (events.js:117:20)
34 verbose stack     at _stream_readable.js:944:16
34 verbose stack     at process._tickCallback (node.js:442:13)
35 verbose statusCode 403
36 verbose pkgid gulp-multiple-loader
37 verbose cwd /Users/weslleyaraujo/workspace/gulp-multiple-loader
38 error Darwin 14.4.0
39 error argv "node" "/Users/weslleyaraujo/local/bin/npm" "publish"
40 error node v0.10.35
41 error npm  v2.5.0
42 error code E403
43 error "You cannot publish over the previously published version 0.1.3." : gulp-multiple-loader
44 error If you need help, you may report this error at:
44 error     <http://github.com/npm/npm/issues>
45 verbose exit [ 1, true ]
